<?xml version="1.0" encoding="UTF-8"?>
<!-- Generated by org.testng.reporters.JUnitXMLReporter -->
<testsuite hostname="DESKTOP-8AOQPAM" ignored="0" name="Command line test" tests="6" failures="0" timestamp="11 Jul 2019 18:49:14 GMT" time="0.218" errors="0">
  <testcase name="IOSApps" time="0.04" classname="nselvi.AppiumTest"/>
  <testcase name="nativeAPpAndroid" time="0.004" classname="nselvi.AppiumTest"/>
  <testcase name="deleteTwitter" time="0.0" classname="nselvi.RESTAPITest"/>
  <testcase name="podtJira" time="0.0" classname="nselvi.RESTAPITest"/>
  <testcase name="BrowserAutomation" time="0.004" classname="nselvi.SeleniumTest"/>
  <testcase name="elementsUi" time="0.004" classname="nselvi.SeleniumTest"/>
</testsuite> <!-- Command line test -->
