<?xml version="1.0" encoding="UTF-8"?>
<!-- Generated by org.testng.reporters.JUnitXMLReporter -->
<testsuite hostname="DESKTOP-8AOQPAM" ignored="0" name="Test" tests="6" failures="0" timestamp="11 Jul 2019 19:53:50 GMT" time="0.068" errors="0">
  <testcase name="deleteTwitter" time="0.017" classname="nselvi.RESTAPITest"/>
  <testcase name="podtJira" time="0.0" classname="nselvi.RESTAPITest"/>
  <testcase name="BrowserAutomation" time="0.001" classname="nselvi.SeleniumTest"/>
  <testcase name="elementsUi" time="0.002" classname="nselvi.SeleniumTest"/>
  <testcase name="IOSApps" time="0.001" classname="nselvi.AppiumTest"/>
  <testcase name="nativeAPpAndroid" time="0.001" classname="nselvi.AppiumTest"/>
</testsuite> <!-- Test -->
