<?xml version="1.0" encoding="UTF-8"?>
<testng-results skipped="0" failed="0" ignored="0" total="6" passed="6">
  <reporter-output>
  </reporter-output>
  <suite name="Suite" duration-ms="68" started-at="2019-07-11T19:53:50Z" finished-at="2019-07-11T19:53:50Z">
    <groups>
    </groups>
    <test name="Test" duration-ms="68" started-at="2019-07-11T19:53:50Z" finished-at="2019-07-11T19:53:50Z">
      <class name="nselvi.SeleniumTest">
        <test-method status="PASS" signature="BrowserAutomation()[pri:0, instance:nselvi.SeleniumTest@3cbbc1e0]" name="BrowserAutomation" duration-ms="1" started-at="2019-07-11T15:53:50Z" finished-at="2019-07-11T15:53:50Z">
          <reporter-output>
          </reporter-output>
        </test-method> <!-- BrowserAutomation -->
        <test-method status="PASS" signature="elementsUi()[pri:0, instance:nselvi.SeleniumTest@3cbbc1e0]" name="elementsUi" duration-ms="2" started-at="2019-07-11T15:53:50Z" finished-at="2019-07-11T15:53:50Z">
          <reporter-output>
          </reporter-output>
        </test-method> <!-- elementsUi -->
      </class> <!-- nselvi.SeleniumTest -->
      <class name="nselvi.AppiumTest">
        <test-method status="PASS" signature="IOSApps()[pri:0, instance:nselvi.AppiumTest@35fb3008]" name="IOSApps" duration-ms="1" started-at="2019-07-11T15:53:50Z" finished-at="2019-07-11T15:53:50Z">
          <reporter-output>
          </reporter-output>
        </test-method> <!-- IOSApps -->
        <test-method status="PASS" signature="nativeAPpAndroid()[pri:0, instance:nselvi.AppiumTest@35fb3008]" name="nativeAPpAndroid" duration-ms="1" started-at="2019-07-11T15:53:50Z" finished-at="2019-07-11T15:53:50Z">
          <reporter-output>
          </reporter-output>
        </test-method> <!-- nativeAPpAndroid -->
      </class> <!-- nselvi.AppiumTest -->
      <class name="nselvi.RESTAPITest">
        <test-method status="PASS" signature="deleteTwitter()[pri:0, instance:nselvi.RESTAPITest@34b7bfc0]" name="deleteTwitter" duration-ms="17" started-at="2019-07-11T15:53:50Z" finished-at="2019-07-11T15:53:50Z">
          <reporter-output>
          </reporter-output>
        </test-method> <!-- deleteTwitter -->
        <test-method status="PASS" signature="podtJira()[pri:0, instance:nselvi.RESTAPITest@34b7bfc0]" name="podtJira" duration-ms="0" started-at="2019-07-11T15:53:50Z" finished-at="2019-07-11T15:53:50Z">
          <reporter-output>
          </reporter-output>
        </test-method> <!-- podtJira -->
      </class> <!-- nselvi.RESTAPITest -->
    </test> <!-- Test -->
  </suite> <!-- Suite -->
</testng-results>
